/usr/bin/ld: /tmp/ccaumq9n.o: in function `texit':
/home/hrsf/Henrique/UFMG/6_Semestre/SO/Thread_Library/tests/test7.c:9: undefined reference to `dccthread_exit'
/usr/bin/ld: /tmp/ccaumq9n.o: in function `test':
/home/hrsf/Henrique/UFMG/6_Semestre/SO/Thread_Library/tests/test7.c:24: undefined reference to `dccthread_wait'
/usr/bin/ld: /home/hrsf/Henrique/UFMG/6_Semestre/SO/Thread_Library/tests/test7.c:27: undefined reference to `dccthread_exit'
collect2: error: ld returned 1 exit status
/usr/bin/ld: /tmp/cczhc3bO.o: in function `texit':
/home/hrsf/Henrique/UFMG/6_Semestre/SO/Thread_Library/tests/test7.c:9: undefined reference to `dccthread_exit'
/usr/bin/ld: /tmp/cczhc3bO.o: in function `test':
/home/hrsf/Henrique/UFMG/6_Semestre/SO/Thread_Library/tests/test7.c:24: undefined reference to `dccthread_wait'
/usr/bin/ld: /home/hrsf/Henrique/UFMG/6_Semestre/SO/Thread_Library/tests/test7.c:27: undefined reference to `dccthread_exit'
collect2: error: ld returned 1 exit status
/usr/bin/ld: /tmp/ccrutuYg.o: in function `tyield':
/home/hrsf/Henrique/UFMG/6_Semestre/SO/Thread_Library/tests/test8.c:11: undefined reference to `dccthread_exit'
/usr/bin/ld: /tmp/ccrutuYg.o: in function `test':
/home/hrsf/Henrique/UFMG/6_Semestre/SO/Thread_Library/tests/test8.c:26: undefined reference to `dccthread_wait'
/usr/bin/ld: /home/hrsf/Henrique/UFMG/6_Semestre/SO/Thread_Library/tests/test8.c:29: undefined reference to `dccthread_exit'
collect2: error: ld returned 1 exit status
/usr/bin/ld: /tmp/ccjCk4hI.o: in function `tyield':
/home/hrsf/Henrique/UFMG/6_Semestre/SO/Thread_Library/tests/test8.c:11: undefined reference to `dccthread_exit'
/usr/bin/ld: /tmp/ccjCk4hI.o: in function `test':
/home/hrsf/Henrique/UFMG/6_Semestre/SO/Thread_Library/tests/test8.c:26: undefined reference to `dccthread_wait'
/usr/bin/ld: /home/hrsf/Henrique/UFMG/6_Semestre/SO/Thread_Library/tests/test8.c:29: undefined reference to `dccthread_exit'
collect2: error: ld returned 1 exit status
/usr/bin/ld: /tmp/cckhm3To.o: in function `tloop':
/home/hrsf/Henrique/UFMG/6_Semestre/SO/Thread_Library/tests/test9.c:13: undefined reference to `dccthread_exit'
/usr/bin/ld: /tmp/cckhm3To.o: in function `test':
/home/hrsf/Henrique/UFMG/6_Semestre/SO/Thread_Library/tests/test9.c:24: undefined reference to `dccthread_wait'
/usr/bin/ld: /home/hrsf/Henrique/UFMG/6_Semestre/SO/Thread_Library/tests/test9.c:25: undefined reference to `dccthread_exit'
collect2: error: ld returned 1 exit status
/usr/bin/ld: /tmp/cchERShO.o: in function `tloop':
/home/hrsf/Henrique/UFMG/6_Semestre/SO/Thread_Library/tests/test9.c:13: undefined reference to `dccthread_exit'
/usr/bin/ld: /tmp/cchERShO.o: in function `test':
/home/hrsf/Henrique/UFMG/6_Semestre/SO/Thread_Library/tests/test9.c:24: undefined reference to `dccthread_wait'
/usr/bin/ld: /home/hrsf/Henrique/UFMG/6_Semestre/SO/Thread_Library/tests/test9.c:25: undefined reference to `dccthread_exit'
collect2: error: ld returned 1 exit status
/usr/bin/ld: /tmp/ccnXztCj.o: in function `tloop':
/home/hrsf/Henrique/UFMG/6_Semestre/SO/Thread_Library/tests/test9.c:13: undefined reference to `dccthread_exit'
/usr/bin/ld: /tmp/ccnXztCj.o: in function `test':
/home/hrsf/Henrique/UFMG/6_Semestre/SO/Thread_Library/tests/test9.c:24: undefined reference to `dccthread_wait'
/usr/bin/ld: /home/hrsf/Henrique/UFMG/6_Semestre/SO/Thread_Library/tests/test9.c:25: undefined reference to `dccthread_exit'
collect2: error: ld returned 1 exit status
/usr/bin/ld: /tmp/ccSMp8MI.o: in function `tloop':
/home/hrsf/Henrique/UFMG/6_Semestre/SO/Thread_Library/tests/test9.c:13: undefined reference to `dccthread_exit'
/usr/bin/ld: /tmp/ccSMp8MI.o: in function `test':
/home/hrsf/Henrique/UFMG/6_Semestre/SO/Thread_Library/tests/test9.c:24: undefined reference to `dccthread_wait'
/usr/bin/ld: /home/hrsf/Henrique/UFMG/6_Semestre/SO/Thread_Library/tests/test9.c:25: undefined reference to `dccthread_exit'
collect2: error: ld returned 1 exit status
/usr/bin/ld: /tmp/ccCos8Gc.o: in function `tloop':
/home/hrsf/Henrique/UFMG/6_Semestre/SO/Thread_Library/tests/test10.c:12: undefined reference to `dccthread_exit'
/usr/bin/ld: /tmp/ccCos8Gc.o: in function `test':
/home/hrsf/Henrique/UFMG/6_Semestre/SO/Thread_Library/tests/test10.c:22: undefined reference to `dccthread_wait'
/usr/bin/ld: /home/hrsf/Henrique/UFMG/6_Semestre/SO/Thread_Library/tests/test10.c:23: undefined reference to `dccthread_exit'
collect2: error: ld returned 1 exit status
/usr/bin/ld: /tmp/ccdHy74F.o: in function `tloop':
/home/hrsf/Henrique/UFMG/6_Semestre/SO/Thread_Library/tests/test10.c:12: undefined reference to `dccthread_exit'
/usr/bin/ld: /tmp/ccdHy74F.o: in function `test':
/home/hrsf/Henrique/UFMG/6_Semestre/SO/Thread_Library/tests/test10.c:22: undefined reference to `dccthread_wait'
/usr/bin/ld: /home/hrsf/Henrique/UFMG/6_Semestre/SO/Thread_Library/tests/test10.c:23: undefined reference to `dccthread_exit'
collect2: error: ld returned 1 exit status
/usr/bin/ld: /tmp/ccE8db76.o: in function `tloop':
/home/hrsf/Henrique/UFMG/6_Semestre/SO/Thread_Library/tests/test10.c:12: undefined reference to `dccthread_exit'
/usr/bin/ld: /tmp/ccE8db76.o: in function `test':
/home/hrsf/Henrique/UFMG/6_Semestre/SO/Thread_Library/tests/test10.c:22: undefined reference to `dccthread_wait'
/usr/bin/ld: /home/hrsf/Henrique/UFMG/6_Semestre/SO/Thread_Library/tests/test10.c:23: undefined reference to `dccthread_exit'
collect2: error: ld returned 1 exit status
/usr/bin/ld: /tmp/ccBhSvwx.o: in function `tloop':
/home/hrsf/Henrique/UFMG/6_Semestre/SO/Thread_Library/tests/test10.c:12: undefined reference to `dccthread_exit'
/usr/bin/ld: /tmp/ccBhSvwx.o: in function `test':
/home/hrsf/Henrique/UFMG/6_Semestre/SO/Thread_Library/tests/test10.c:22: undefined reference to `dccthread_wait'
/usr/bin/ld: /home/hrsf/Henrique/UFMG/6_Semestre/SO/Thread_Library/tests/test10.c:23: undefined reference to `dccthread_exit'
collect2: error: ld returned 1 exit status
/usr/bin/ld: /tmp/ccvQNws2.o: in function `tsleep':
/home/hrsf/Henrique/UFMG/6_Semestre/SO/Thread_Library/tests/test11.c:11: undefined reference to `dccthread_sleep'
/usr/bin/ld: /home/hrsf/Henrique/UFMG/6_Semestre/SO/Thread_Library/tests/test11.c:13: undefined reference to `dccthread_exit'
/usr/bin/ld: /tmp/ccvQNws2.o: in function `test':
/home/hrsf/Henrique/UFMG/6_Semestre/SO/Thread_Library/tests/test11.c:26: undefined reference to `dccthread_wait'
/usr/bin/ld: /home/hrsf/Henrique/UFMG/6_Semestre/SO/Thread_Library/tests/test11.c:29: undefined reference to `dccthread_exit'
collect2: error: ld returned 1 exit status
/usr/bin/ld: /tmp/ccmc5SYq.o: in function `tsleep':
/home/hrsf/Henrique/UFMG/6_Semestre/SO/Thread_Library/tests/test11.c:11: undefined reference to `dccthread_sleep'
/usr/bin/ld: /home/hrsf/Henrique/UFMG/6_Semestre/SO/Thread_Library/tests/test11.c:13: undefined reference to `dccthread_exit'
/usr/bin/ld: /tmp/ccmc5SYq.o: in function `test':
/home/hrsf/Henrique/UFMG/6_Semestre/SO/Thread_Library/tests/test11.c:26: undefined reference to `dccthread_wait'
/usr/bin/ld: /home/hrsf/Henrique/UFMG/6_Semestre/SO/Thread_Library/tests/test11.c:29: undefined reference to `dccthread_exit'
collect2: error: ld returned 1 exit status
/usr/bin/ld: /tmp/cc1OoT0w.o: in function `tsleep':
/home/hrsf/Henrique/UFMG/6_Semestre/SO/Thread_Library/tests/test12.c:11: undefined reference to `dccthread_sleep'
/usr/bin/ld: /home/hrsf/Henrique/UFMG/6_Semestre/SO/Thread_Library/tests/test12.c:13: undefined reference to `dccthread_exit'
/usr/bin/ld: /tmp/cc1OoT0w.o: in function `test':
/home/hrsf/Henrique/UFMG/6_Semestre/SO/Thread_Library/tests/test12.c:30: undefined reference to `dccthread_wait'
/usr/bin/ld: /home/hrsf/Henrique/UFMG/6_Semestre/SO/Thread_Library/tests/test12.c:33: undefined reference to `dccthread_exit'
collect2: error: ld returned 1 exit status
/usr/bin/ld: /tmp/ccAezjpW.o: in function `tsleep':
/home/hrsf/Henrique/UFMG/6_Semestre/SO/Thread_Library/tests/test12.c:11: undefined reference to `dccthread_sleep'
/usr/bin/ld: /home/hrsf/Henrique/UFMG/6_Semestre/SO/Thread_Library/tests/test12.c:13: undefined reference to `dccthread_exit'
/usr/bin/ld: /tmp/ccAezjpW.o: in function `test':
/home/hrsf/Henrique/UFMG/6_Semestre/SO/Thread_Library/tests/test12.c:30: undefined reference to `dccthread_wait'
/usr/bin/ld: /home/hrsf/Henrique/UFMG/6_Semestre/SO/Thread_Library/tests/test12.c:33: undefined reference to `dccthread_exit'
collect2: error: ld returned 1 exit status
